<?xml version="1.0" encoding="UTF-8"?>
<!-- Generated by org.testng.reporters.JUnitReportReporter -->
<testsuite hostname="VASUDEV" failures="0" tests="1" name="testCase.TC001_Verify_Account_Registration" time="2.481" errors="0" timestamp="2025-05-20T14:35:36 IST" skipped="0">
  <testcase classname="testCase.TC001_Verify_Account_Registration" name="account_Registration" time="2.481"/>
</testsuite> <!-- testCase.TC001_Verify_Account_Registration -->
