<?xml version="1.0" encoding="UTF-8"?>
<!-- Generated by org.testng.reporters.JUnitReportReporter -->
<testsuite hostname="VASUDEV" failures="0" tests="1" name="testCase.TC002_Login" time="1.817" errors="0" timestamp="2025-05-20T14:35:36 IST" skipped="0">
  <testcase classname="testCase.TC002_Login" name="login_Acoount" time="1.817"/>
</testsuite> <!-- testCase.TC002_Login -->
