<?xml version="1.0" encoding="UTF-8"?>
<!-- Generated by org.testng.reporters.JUnitReportReporter -->
<testsuite hostname="VASUDEV" failures="0" tests="1" name="testCase.TC002_Login" time="1.090" errors="0" timestamp="2025-06-25T21:11:48 IST" skipped="0">
  <testcase classname="testCase.TC002_Login" name="login_Acoount" time="1.090"/>
</testsuite> <!-- testCase.TC002_Login -->
