<?xml version="1.0" encoding="UTF-8"?>
<!-- Generated by org.testng.reporters.JUnitReportReporter -->
<testsuite hostname="VASUDEV" failures="0" tests="1" name="testCase.TC001_Verify_Account_Registration" time="1.542" errors="0" timestamp="2025-06-25T21:11:48 IST" skipped="0">
  <testcase classname="testCase.TC001_Verify_Account_Registration" name="account_Registration" time="1.542"/>
</testsuite> <!-- testCase.TC001_Verify_Account_Registration -->
